
             Lattice Mapping Report File for Design Module 'led'


Design Information
------------------

Command line:   map -a MachXO2 -p LCMXO2-640HC -t TQFP100 -s 4 -oc Industrial
     Led_impl1.ngd -o Led_impl1_map.ncd -pr Led_impl1.prf -mp Led_impl1.mrp -lpf
     C:/Users/Jirka/Documents/Projekty/CPLD/LED/impl1/Led_impl1.lpf -lpf
     C:/Users/Jirka/Documents/Projekty/CPLD/LED/Led.lpf -c 0 -gui -msgset
     C:/Users/Jirka/Documents/Projekty/CPLD/LED/promote.xml 
Target Vendor:  LATTICE
Target Device:  LCMXO2-640HCTQFP100
Target Performance:   4
Mapper:  xo2c00,  version:  Diamond (64-bit) 3.9.0.99.2
Mapped on:  08/09/17  14:05:13

Design Summary
--------------

   Number of registers:     26 out of   877 (3%)
      PFU registers:           26 out of   640 (4%)
      PIO registers:            0 out of   237 (0%)
   Number of SLICEs:        20 out of   320 (6%)
      SLICEs as Logic/ROM:     20 out of   320 (6%)
      SLICEs as RAM:            0 out of   240 (0%)
      SLICEs as Carry:         13 out of   320 (4%)
   Number of LUT4s:         39 out of   640 (6%)
      Number used as logic LUTs:         13
      Number used as distributed RAM:     0
      Number used as ripple logic:       26
      Number used as shift registers:     0
   Number of PIO sites used: 2 + 4(JTAG) out of 79 (8%)
   Number of block RAMs:  0 out of 2 (0%)
   Number of GSRs:  0 out of 1 (0%)
   EFB used :       No
   JTAG used :      No
   Readback used :  No
   Oscillator used :  No
   Startup used :   No
   POR :            On
   Bandgap :        On
   Number of Power Controller:  0 out of 1 (0%)
   Number of Dynamic Bank Controller (BCINRD):  0 out of 4 (0%)
   Number of DCCA:  0 out of 8 (0%)
   Number of DCMA:  0 out of 2 (0%)
   Notes:-
      1. Total number of LUT4s = (Number of logic LUT4s) + 2*(Number of
     distributed RAMs) + 2*(Number of ripple logic)
      2. Number of logic LUT4s does not include count of distributed RAM and
     ripple logic.
   Number of clocks:  1
     Net refclk_c: 14 loads, 14 rising, 0 falling (Driver: PIO refclk )
   Number of Clock Enables:  0
   Number of LSRs:  2
     Net LED_N_78: 13 loads, 13 LSLICEs
     Net compteur.count_24__N_76: 1 loads, 1 LSLICEs
   Number of nets driven by tri-state buffers:  0
   Top 10 highest fanout non-clock nets:
     Net LED_N_78: 14 loads
     Net compteur.count_13: 3 loads

                                    Page 1




Design:  led                                           Date:  08/09/17  14:05:13

Design Summary (cont)
---------------------
     Net compteur.count_18: 3 loads
     Net compteur.count_19: 3 loads
     Net compteur.count_20: 3 loads
     Net compteur.count_21: 3 loads
     Net compteur.count_24: 3 loads
     Net compteur.count_7: 3 loads
     Net compteur.count_8: 3 loads
     Net compteur.count_9: 3 loads




   Number of warnings:  0
   Number of errors:    0
     

Design Errors/Warnings
----------------------

   No errors or warnings present.

IO (PIO) Attributes
-------------------

+---------------------+-----------+-----------+------------+
| IO Name             | Direction | Levelmode | IO         |
|                     |           |  IO_TYPE  | Register   |
+---------------------+-----------+-----------+------------+
| LED                 | OUTPUT    | LVCMOS25  |            |
+---------------------+-----------+-----------+------------+
| refclk              | INPUT     | LVCMOS25  |            |
+---------------------+-----------+-----------+------------+

Removed logic
-------------

Block i2 undriven or does not drive anything - clipped.
Block GSR_INST undriven or does not drive anything - clipped.
Signal GND_net undriven or does not drive anything - clipped.
Signal VCC_net undriven or does not drive anything - clipped.
Signal compteur.count_29_add_4_1/S0 undriven or does not drive anything -
     clipped.
Signal compteur.count_29_add_4_1/CI undriven or does not drive anything -
     clipped.
Signal compteur.count_29_add_4_25/CO undriven or does not drive anything -
     clipped.
Block i1 was optimized away.

Memory Usage
------------


     




                                    Page 2




Design:  led                                           Date:  08/09/17  14:05:13

Run Time and Memory Usage
-------------------------

   Total CPU Time: 0 secs  
   Total REAL Time: 0 secs  
   Peak Memory Usage: 31 MB
        




















































                                    Page 3


Copyright (c) 1991-1994 by NeoCAD Inc. All rights reserved.
     Copyright (c) 1995 AT&T Corp.   All rights reserved.
     Copyright (c) 1995-2001 Lucent Technologies Inc.  All rights reserved.
     Copyright (c) 2001 Agere Systems   All rights reserved.
     Copyright (c) 2002-2017 Lattice Semiconductor Corporation,  All rights
     reserved.
